<?xml version="1.0" encoding="UTF-8"?>
<!-- Generated by org.testng.reporters.JUnitXMLReporter -->
<testsuite hostname="Jagmandeeps-MacBook-Pro.local" ignored="0" name="Default test" tests="2" failures="0" timestamp="02 Jul 2019 05:50:27 GMT" time="0.373" errors="0">
  <testcase name="testConfig" time="0.009" classname="org.learnautomation.unitTest.TestDataProviderFactory"/>
  <testcase name="testExcelLib" time="0.346" classname="org.learnautomation.unitTest.TestDataProviderFactory"/>
</testsuite> <!-- Default test -->
