<?xml version="1.0" encoding="UTF-8"?>
<testng-results skipped="0" failed="0" ignored="0" total="1" passed="1">
  <reporter-output>
  </reporter-output>
  <suite name="Default suite" duration-ms="4746" started-at="2019-07-05T15:30:09Z" finished-at="2019-07-05T15:30:13Z">
    <groups>
    </groups>
    <test name="Default test" duration-ms="4746" started-at="2019-07-05T15:30:09Z" finished-at="2019-07-05T15:30:13Z">
      <class name="org.learnautomation.unitTest.TestBroswerFactory">
        <test-method status="PASS" signature="testBrowsers()[pri:0, instance:org.learnautomation.unitTest.TestBroswerFactory@5b275dab]" name="testBrowsers" duration-ms="4725" started-at="2019-07-05T15:30:09Z" finished-at="2019-07-05T15:30:13Z">
          <reporter-output>
          </reporter-output>
        </test-method> <!-- testBrowsers -->
      </class> <!-- org.learnautomation.unitTest.TestBroswerFactory -->
    </test> <!-- Default test -->
  </suite> <!-- Default suite -->
</testng-results>
