<?xml version="1.0" encoding="UTF-8"?>
<testng-results skipped="0" failed="0" ignored="0" total="2" passed="2">
  <reporter-output>
  </reporter-output>
  <suite name="Default suite" duration-ms="373" started-at="2019-07-02T05:50:27Z" finished-at="2019-07-02T05:50:27Z">
    <groups>
    </groups>
    <test name="Default test" duration-ms="373" started-at="2019-07-02T05:50:27Z" finished-at="2019-07-02T05:50:27Z">
      <class name="org.learnautomation.unitTest.TestDataProviderFactory">
        <test-method status="PASS" signature="testConfig()[pri:0, instance:org.learnautomation.unitTest.TestDataProviderFactory@5b275dab]" name="testConfig" duration-ms="9" started-at="2019-07-02T05:50:27Z" finished-at="2019-07-02T05:50:27Z">
          <reporter-output>
          </reporter-output>
        </test-method> <!-- testConfig -->
        <test-method status="PASS" signature="testExcelLib()[pri:0, instance:org.learnautomation.unitTest.TestDataProviderFactory@5b275dab]" name="testExcelLib" duration-ms="346" started-at="2019-07-02T05:50:27Z" finished-at="2019-07-02T05:50:27Z">
          <reporter-output>
          </reporter-output>
        </test-method> <!-- testExcelLib -->
      </class> <!-- org.learnautomation.unitTest.TestDataProviderFactory -->
    </test> <!-- Default test -->
  </suite> <!-- Default suite -->
</testng-results>
